21:05:27,168  INFO ApplicationConfiguratorServlet:58 - Application configurator unloaded for application 'leche_vitrine'.
21:05:27,168  INFO FileUploadConfiguratorServlet:27 - FileUploadConfigurator destroyed
21:05:27,211  INFO XmlWebApplicationContext:500 - Closing application context [Root WebApplicationContext]
21:05:27,211  INFO DefaultListableBeanFactory:555 - Destroying singletons in factory {org.springframework.beans.factory.support.DefaultListableBeanFactory defining beans [dataSource,sessionFactory,transactionManager,transactionProxy,categorieDAO,favoriDAO,ligneVitrineDAO,marchandDAO,membreDAO,produitDAO,vitrineDAO,categorieService,favoriService,ligneVitrineService,marchandService,membreService,produitService,vitrineService]; root of BeanFactory hierarchy}
21:05:27,212  INFO LocalSessionFactoryBean:1028 - Closing Hibernate SessionFactory
21:05:27,213  INFO SessionFactoryImpl:769 - closing
21:05:37,853  INFO ContextLoader:180 - Root WebApplicationContext: initialization started
21:05:37,921  INFO CollectionFactory:71 - Commons Collections 3.x available
21:05:37,941  INFO XmlBeanDefinitionReader:163 - Loading XML bean definitions from URL [jar:file:/C:/Users/Charles/git/hypermedia/web%20lab%206%20-%20front-end/WebContent/WEB-INF/lib/appVitrine-BackEnd.jar!/applicationContext-JDBC.xml]
21:05:38,250  INFO XmlBeanDefinitionReader:163 - Loading XML bean definitions from URL [jar:file:/C:/Users/Charles/git/hypermedia/web%20lab%206%20-%20front-end/WebContent/WEB-INF/lib/appVitrine-BackEnd.jar!/applicationContext-DTO.xml]
21:05:38,295  INFO XmlBeanDefinitionReader:163 - Loading XML bean definitions from URL [jar:file:/C:/Users/Charles/git/hypermedia/web%20lab%206%20-%20front-end/WebContent/WEB-INF/lib/appVitrine-BackEnd.jar!/applicationContext-DAO.xml]
21:05:38,325  INFO XmlBeanDefinitionReader:163 - Loading XML bean definitions from URL [jar:file:/C:/Users/Charles/git/hypermedia/web%20lab%206%20-%20front-end/WebContent/WEB-INF/lib/appVitrine-BackEnd.jar!/applicationContext-Service.xml]
21:05:38,352  INFO XmlWebApplicationContext:92 - Bean factory for application context [Root WebApplicationContext]: org.springframework.beans.factory.support.DefaultListableBeanFactory defining beans [dataSource,sessionFactory,transactionManager,transactionProxy,categorieDAO,favoriDAO,ligneVitrineDAO,marchandDAO,membreDAO,produitDAO,vitrineDAO,categorieService,favoriService,ligneVitrineService,marchandService,membreService,produitService,vitrineService]; root of BeanFactory hierarchy
21:05:38,357  INFO XmlWebApplicationContext:290 - 18 beans defined in application context [Root WebApplicationContext]
21:05:38,367  INFO XmlWebApplicationContext:432 - Unable to locate MessageSource with name 'messageSource': using default [org.springframework.context.support.DelegatingMessageSource@1f30e488]
21:05:38,367  INFO XmlWebApplicationContext:454 - Unable to locate ApplicationEventMulticaster with name 'applicationEventMulticaster': using default [org.springframework.context.event.SimpleApplicationEventMulticaster@4d28d127]
21:05:38,372  INFO UiApplicationContextUtils:83 - Unable to locate ThemeSource with name 'themeSource': using default [org.springframework.ui.context.support.ResourceBundleThemeSource@3dec7429]
21:05:38,372  INFO DefaultListableBeanFactory:268 - Pre-instantiating singletons in factory [org.springframework.beans.factory.support.DefaultListableBeanFactory defining beans [dataSource,sessionFactory,transactionManager,transactionProxy,categorieDAO,favoriDAO,ligneVitrineDAO,marchandDAO,membreDAO,produitDAO,vitrineDAO,categorieService,favoriService,ligneVitrineService,marchandService,membreService,produitService,vitrineService]; root of BeanFactory hierarchy]
21:05:38,427  INFO Environment:514 - Hibernate 3.2.6
21:05:38,432  INFO Environment:547 - hibernate.properties not found
21:05:38,437  INFO Environment:681 - Bytecode provider name : cglib
21:05:38,437  INFO Environment:598 - using JDK 1.4 java.sql.Timestamp handling
21:05:38,604  INFO HbmBinder:300 - Mapping class: ca.qc.collegeahuntsic.weblab6.dto.CategorieDTO -> CATEGORIE
21:05:38,690  INFO HbmBinder:300 - Mapping class: ca.qc.collegeahuntsic.weblab6.dto.FavoriDTO -> FAVORI
21:05:38,730  INFO HbmBinder:300 - Mapping class: ca.qc.collegeahuntsic.weblab6.dto.LigneVitrineDTO -> LIGNEVITRINE
21:05:38,757  INFO HbmBinder:300 - Mapping class: ca.qc.collegeahuntsic.weblab6.dto.MarchandDTO -> MARCHAND
21:05:38,774  INFO HbmBinder:300 - Mapping class: ca.qc.collegeahuntsic.weblab6.dto.MembreDTO -> MEMBRE
21:05:38,804  INFO HbmBinder:300 - Mapping class: ca.qc.collegeahuntsic.weblab6.dto.ProduitDTO -> PRODUIT
21:05:38,891  INFO HbmBinder:300 - Mapping class: ca.qc.collegeahuntsic.weblab6.dto.VitrineDTO -> VITRINE
21:05:38,905  INFO LocalSessionFactoryBean:749 - Building new Hibernate SessionFactory
21:05:38,906  INFO HbmBinder:2382 - Mapping collection: ca.qc.collegeahuntsic.weblab6.dto.CategorieDTO.ligneVitrines -> LIGNEVITRINE
21:05:38,909  INFO HbmBinder:2382 - Mapping collection: ca.qc.collegeahuntsic.weblab6.dto.MarchandDTO.produits -> PRODUIT
21:05:38,910  INFO HbmBinder:2382 - Mapping collection: ca.qc.collegeahuntsic.weblab6.dto.MembreDTO.vitrines -> VITRINE
21:05:38,914  INFO HbmBinder:2382 - Mapping collection: ca.qc.collegeahuntsic.weblab6.dto.MembreDTO.categories -> CATEGORIE
21:05:38,915  INFO HbmBinder:2382 - Mapping collection: ca.qc.collegeahuntsic.weblab6.dto.MembreDTO.favoris -> FAVORI
21:05:38,917  INFO HbmBinder:2382 - Mapping collection: ca.qc.collegeahuntsic.weblab6.dto.MembreDTO.marchands -> MARCHAND
21:05:38,918  INFO HbmBinder:2382 - Mapping collection: ca.qc.collegeahuntsic.weblab6.dto.ProduitDTO.ligneVitrines -> LIGNEVITRINE
21:05:38,920  INFO HbmBinder:2382 - Mapping collection: ca.qc.collegeahuntsic.weblab6.dto.ProduitDTO.favoris -> FAVORI
21:05:38,921  INFO HbmBinder:2382 - Mapping collection: ca.qc.collegeahuntsic.weblab6.dto.VitrineDTO.ligneVitrines -> LIGNEVITRINE
21:05:38,929  INFO ConnectionProviderFactory:72 - Initializing connection provider: org.springframework.orm.hibernate3.LocalDataSourceConnectionProvider
21:05:39,366  INFO SettingsFactory:89 - RDBMS: Oracle, version: Oracle Database 10g Express Edition Release 10.2.0.1.0 - Production
21:05:39,366  INFO SettingsFactory:90 - JDBC driver: Oracle JDBC driver, version: 12.1.0.1.0
21:05:39,386  INFO Dialect:152 - Using dialect: org.hibernate.dialect.Oracle10gDialect
21:05:39,391  INFO TransactionFactoryFactory:31 - Using default transaction strategy (direct JDBC transactions)
21:05:39,391  INFO TransactionManagerLookupFactory:33 - No TransactionManagerLookup configured (in JTA environment, use of read-write or transactional second-level cache is not recommended)
21:05:39,391  INFO SettingsFactory:143 - Automatic flush during beforeCompletion(): disabled
21:05:39,391  INFO SettingsFactory:147 - Automatic session close at end of transaction: disabled
21:05:39,396  INFO SettingsFactory:162 - Scrollable result sets: enabled
21:05:39,396  INFO SettingsFactory:170 - JDBC3 getGeneratedKeys(): disabled
21:05:39,396  INFO SettingsFactory:174 - JDBC result set fetch size: 0
21:05:39,396  INFO SettingsFactory:178 - Connection release mode: on_close
21:05:39,396  INFO SettingsFactory:202 - Maximum outer join fetch depth: 3
21:05:39,396  INFO SettingsFactory:205 - Default batch fetch size: 16
21:05:39,396  INFO SettingsFactory:209 - Generate SQL with comments: disabled
21:05:39,396  INFO SettingsFactory:213 - Order SQL updates by primary key: enabled
21:05:39,396  INFO SettingsFactory:217 - Order SQL inserts for batching: disabled
21:05:39,396  INFO SettingsFactory:386 - Query translator: org.hibernate.hql.ast.ASTQueryTranslatorFactory
21:05:39,401  INFO ASTQueryTranslatorFactory:24 - Using ASTQueryTranslatorFactory
21:05:39,401  INFO SettingsFactory:225 - Query language substitutions: {}
21:05:39,401  INFO SettingsFactory:230 - JPA-QL strict compliance: disabled
21:05:39,401  INFO SettingsFactory:235 - Second-level cache: enabled
21:05:39,401  INFO SettingsFactory:239 - Query cache: enabled
21:05:39,401  INFO SettingsFactory:373 - Cache provider: org.hibernate.cache.EhCacheProvider
21:05:39,406  INFO SettingsFactory:254 - Optimize cache for minimal puts: enabled
21:05:39,406  INFO SettingsFactory:263 - Structured second-level cache entries: enabled
21:05:39,406  INFO SettingsFactory:360 - Query cache factory: org.hibernate.cache.StandardQueryCacheFactory
21:05:39,411  INFO SettingsFactory:290 - Statistics: disabled
21:05:39,411  INFO SettingsFactory:294 - Deleted entity synthetic identifier rollback: disabled
21:05:39,411  INFO SettingsFactory:309 - Default entity-mode: pojo
21:05:39,416  INFO SettingsFactory:313 - Named query checking : enabled
21:05:39,441  INFO SessionFactoryImpl:161 - building session factory
21:05:39,446  WARN ConfigurationFactory:127 - No configuration found. Configuring ehcache from ehcache-failsafe.xml  found in the classpath: jar:file:/C:/Users/Charles/git/hypermedia/web%20lab%206%20-%20front-end/WebContent/WEB-INF/lib/ehcache-1.2.3.jar!/ehcache-failsafe.xml
21:05:39,753  INFO SessionFactoryObjectFactory:82 - Not binding factory to JNDI, no JNDI name configured
21:05:39,753  INFO UpdateTimestampsCache:41 - starting update timestamps cache at region: org.hibernate.cache.UpdateTimestampsCache
21:05:39,758  WARN EhCacheProvider:86 - Could not find configuration [org.hibernate.cache.UpdateTimestampsCache]; using defaults.
21:05:39,768  INFO StandardQueryCache:52 - starting query cache at region: org.hibernate.cache.StandardQueryCache
21:05:39,768  WARN EhCacheProvider:86 - Could not find configuration [org.hibernate.cache.StandardQueryCache]; using defaults.
21:05:39,798  INFO HibernateTransactionManager:396 - Using DataSource [org.apache.tomcat.dbcp.dbcp.BasicDataSource@655074fb] of Hibernate SessionFactory for HibernateTransactionManager
21:05:39,798  INFO DefaultAopProxyFactory:59 - CGLIB2 available: proxyTargetClass feature enabled
21:05:39,955  INFO ContextLoader:195 - Using context class [org.springframework.web.context.support.XmlWebApplicationContext] for root WebApplicationContext
21:05:39,955  INFO ContextLoader:205 - Root WebApplicationContext: initialization completed in 2102 ms
21:05:39,985  INFO ApplicationConfiguratorServlet:49 - Application configurator loaded for application 'leche_vitrine'.
21:05:39,985  INFO LoginMembreServlet:45 - FileUpload filePath initialized
21:05:39,985  INFO FileUploadConfiguratorServlet:22 - FileUploadConfigurator initialized
21:05:55,117  INFO JdbcTransactionObjectSupport:60 - JDBC 3.0 Savepoint class is available
21:05:55,553  WARN LoginMembreServlet:47 - connexion réussie
21:07:17,815  WARN LoginMembreServlet:47 - connexion réussie
21:12:25,194  WARN LoginMembreServlet:47 - connexion réussie
21:17:52,663  INFO ApplicationConfiguratorServlet:58 - Application configurator unloaded for application 'leche_vitrine'.
21:17:52,663  INFO FileUploadConfiguratorServlet:27 - FileUploadConfigurator destroyed
21:17:52,668  INFO XmlWebApplicationContext:500 - Closing application context [Root WebApplicationContext]
21:17:52,668  INFO DefaultListableBeanFactory:555 - Destroying singletons in factory {org.springframework.beans.factory.support.DefaultListableBeanFactory defining beans [dataSource,sessionFactory,transactionManager,transactionProxy,categorieDAO,favoriDAO,ligneVitrineDAO,marchandDAO,membreDAO,produitDAO,vitrineDAO,categorieService,favoriService,ligneVitrineService,marchandService,membreService,produitService,vitrineService]; root of BeanFactory hierarchy}
21:17:52,668  INFO LocalSessionFactoryBean:1028 - Closing Hibernate SessionFactory
21:17:52,668  INFO SessionFactoryImpl:769 - closing
21:18:03,476  INFO ContextLoader:180 - Root WebApplicationContext: initialization started
21:18:03,590  INFO CollectionFactory:71 - Commons Collections 3.x available
21:18:03,607  INFO XmlBeanDefinitionReader:163 - Loading XML bean definitions from URL [jar:file:/C:/Users/Charles/git/hypermedia/web%20lab%206%20-%20front-end/WebContent/WEB-INF/lib/appVitrine-BackEnd.jar!/applicationContext-JDBC.xml]
21:18:04,051  INFO XmlBeanDefinitionReader:163 - Loading XML bean definitions from URL [jar:file:/C:/Users/Charles/git/hypermedia/web%20lab%206%20-%20front-end/WebContent/WEB-INF/lib/appVitrine-BackEnd.jar!/applicationContext-DTO.xml]
21:18:04,147  INFO XmlBeanDefinitionReader:163 - Loading XML bean definitions from URL [jar:file:/C:/Users/Charles/git/hypermedia/web%20lab%206%20-%20front-end/WebContent/WEB-INF/lib/appVitrine-BackEnd.jar!/applicationContext-DAO.xml]
21:18:04,191  INFO XmlBeanDefinitionReader:163 - Loading XML bean definitions from URL [jar:file:/C:/Users/Charles/git/hypermedia/web%20lab%206%20-%20front-end/WebContent/WEB-INF/lib/appVitrine-BackEnd.jar!/applicationContext-Service.xml]
21:18:04,221  INFO XmlWebApplicationContext:92 - Bean factory for application context [Root WebApplicationContext]: org.springframework.beans.factory.support.DefaultListableBeanFactory defining beans [dataSource,sessionFactory,transactionManager,transactionProxy,categorieDAO,favoriDAO,ligneVitrineDAO,marchandDAO,membreDAO,produitDAO,vitrineDAO,categorieService,favoriService,ligneVitrineService,marchandService,membreService,produitService,vitrineService]; root of BeanFactory hierarchy
21:18:04,230  INFO XmlWebApplicationContext:290 - 18 beans defined in application context [Root WebApplicationContext]
21:18:04,239  INFO XmlWebApplicationContext:432 - Unable to locate MessageSource with name 'messageSource': using default [org.springframework.context.support.DelegatingMessageSource@20828fe4]
21:18:04,243  INFO XmlWebApplicationContext:454 - Unable to locate ApplicationEventMulticaster with name 'applicationEventMulticaster': using default [org.springframework.context.event.SimpleApplicationEventMulticaster@1f831b84]
21:18:04,246  INFO UiApplicationContextUtils:83 - Unable to locate ThemeSource with name 'themeSource': using default [org.springframework.ui.context.support.ResourceBundleThemeSource@375d90ca]
21:18:04,248  INFO DefaultListableBeanFactory:268 - Pre-instantiating singletons in factory [org.springframework.beans.factory.support.DefaultListableBeanFactory defining beans [dataSource,sessionFactory,transactionManager,transactionProxy,categorieDAO,favoriDAO,ligneVitrineDAO,marchandDAO,membreDAO,produitDAO,vitrineDAO,categorieService,favoriService,ligneVitrineService,marchandService,membreService,produitService,vitrineService]; root of BeanFactory hierarchy]
21:18:04,334  INFO Environment:514 - Hibernate 3.2.6
21:18:04,339  INFO Environment:547 - hibernate.properties not found
21:18:04,343  INFO Environment:681 - Bytecode provider name : cglib
21:18:04,347  INFO Environment:598 - using JDK 1.4 java.sql.Timestamp handling
21:18:04,547  INFO HbmBinder:300 - Mapping class: ca.qc.collegeahuntsic.weblab6.dto.CategorieDTO -> CATEGORIE
21:18:04,634  INFO HbmBinder:300 - Mapping class: ca.qc.collegeahuntsic.weblab6.dto.FavoriDTO -> FAVORI
21:18:04,673  INFO HbmBinder:300 - Mapping class: ca.qc.collegeahuntsic.weblab6.dto.LigneVitrineDTO -> LIGNEVITRINE
21:18:04,712  INFO HbmBinder:300 - Mapping class: ca.qc.collegeahuntsic.weblab6.dto.MarchandDTO -> MARCHAND
21:18:04,744  INFO HbmBinder:300 - Mapping class: ca.qc.collegeahuntsic.weblab6.dto.MembreDTO -> MEMBRE
21:18:04,773  INFO HbmBinder:300 - Mapping class: ca.qc.collegeahuntsic.weblab6.dto.ProduitDTO -> PRODUIT
21:18:04,799  INFO HbmBinder:300 - Mapping class: ca.qc.collegeahuntsic.weblab6.dto.VitrineDTO -> VITRINE
21:18:04,839  INFO LocalSessionFactoryBean:749 - Building new Hibernate SessionFactory
21:18:04,840  INFO HbmBinder:2382 - Mapping collection: ca.qc.collegeahuntsic.weblab6.dto.CategorieDTO.ligneVitrines -> LIGNEVITRINE
21:18:04,841  INFO HbmBinder:2382 - Mapping collection: ca.qc.collegeahuntsic.weblab6.dto.MarchandDTO.produits -> PRODUIT
21:18:04,842  INFO HbmBinder:2382 - Mapping collection: ca.qc.collegeahuntsic.weblab6.dto.MembreDTO.vitrines -> VITRINE
21:18:04,843  INFO HbmBinder:2382 - Mapping collection: ca.qc.collegeahuntsic.weblab6.dto.MembreDTO.categories -> CATEGORIE
21:18:04,843  INFO HbmBinder:2382 - Mapping collection: ca.qc.collegeahuntsic.weblab6.dto.MembreDTO.favoris -> FAVORI
21:18:04,845  INFO HbmBinder:2382 - Mapping collection: ca.qc.collegeahuntsic.weblab6.dto.MembreDTO.marchands -> MARCHAND
21:18:04,845  INFO HbmBinder:2382 - Mapping collection: ca.qc.collegeahuntsic.weblab6.dto.ProduitDTO.ligneVitrines -> LIGNEVITRINE
21:18:04,846  INFO HbmBinder:2382 - Mapping collection: ca.qc.collegeahuntsic.weblab6.dto.ProduitDTO.favoris -> FAVORI
21:18:04,847  INFO HbmBinder:2382 - Mapping collection: ca.qc.collegeahuntsic.weblab6.dto.VitrineDTO.ligneVitrines -> LIGNEVITRINE
21:18:04,853  INFO ConnectionProviderFactory:72 - Initializing connection provider: org.springframework.orm.hibernate3.LocalDataSourceConnectionProvider
21:18:05,258  INFO SettingsFactory:89 - RDBMS: Oracle, version: Oracle Database 10g Express Edition Release 10.2.0.1.0 - Production
21:18:05,258  INFO SettingsFactory:90 - JDBC driver: Oracle JDBC driver, version: 12.1.0.1.0
21:18:05,273  INFO Dialect:152 - Using dialect: org.hibernate.dialect.Oracle10gDialect
21:18:05,278  INFO TransactionFactoryFactory:31 - Using default transaction strategy (direct JDBC transactions)
21:18:05,283  INFO TransactionManagerLookupFactory:33 - No TransactionManagerLookup configured (in JTA environment, use of read-write or transactional second-level cache is not recommended)
21:18:05,283  INFO SettingsFactory:143 - Automatic flush during beforeCompletion(): disabled
21:18:05,288  INFO SettingsFactory:147 - Automatic session close at end of transaction: disabled
21:18:05,288  INFO SettingsFactory:162 - Scrollable result sets: enabled
21:18:05,288  INFO SettingsFactory:170 - JDBC3 getGeneratedKeys(): disabled
21:18:05,288  INFO SettingsFactory:174 - JDBC result set fetch size: 0
21:18:05,288  INFO SettingsFactory:178 - Connection release mode: on_close
21:18:05,288  INFO SettingsFactory:202 - Maximum outer join fetch depth: 3
21:18:05,288  INFO SettingsFactory:205 - Default batch fetch size: 16
21:18:05,288  INFO SettingsFactory:209 - Generate SQL with comments: disabled
21:18:05,288  INFO SettingsFactory:213 - Order SQL updates by primary key: enabled
21:18:05,293  INFO SettingsFactory:217 - Order SQL inserts for batching: disabled
21:18:05,293  INFO SettingsFactory:386 - Query translator: org.hibernate.hql.ast.ASTQueryTranslatorFactory
21:18:05,293  INFO ASTQueryTranslatorFactory:24 - Using ASTQueryTranslatorFactory
21:18:05,293  INFO SettingsFactory:225 - Query language substitutions: {}
21:18:05,293  INFO SettingsFactory:230 - JPA-QL strict compliance: disabled
21:18:05,293  INFO SettingsFactory:235 - Second-level cache: enabled
21:18:05,298  INFO SettingsFactory:239 - Query cache: enabled
21:18:05,298  INFO SettingsFactory:373 - Cache provider: org.hibernate.cache.EhCacheProvider
21:18:05,298  INFO SettingsFactory:254 - Optimize cache for minimal puts: enabled
21:18:05,298  INFO SettingsFactory:263 - Structured second-level cache entries: enabled
21:18:05,298  INFO SettingsFactory:360 - Query cache factory: org.hibernate.cache.StandardQueryCacheFactory
21:18:05,308  INFO SettingsFactory:290 - Statistics: disabled
21:18:05,308  INFO SettingsFactory:294 - Deleted entity synthetic identifier rollback: disabled
21:18:05,308  INFO SettingsFactory:309 - Default entity-mode: pojo
21:18:05,308  INFO SettingsFactory:313 - Named query checking : enabled
21:18:05,333  INFO SessionFactoryImpl:161 - building session factory
21:18:05,338  WARN ConfigurationFactory:127 - No configuration found. Configuring ehcache from ehcache-failsafe.xml  found in the classpath: jar:file:/C:/Users/Charles/git/hypermedia/web%20lab%206%20-%20front-end/WebContent/WEB-INF/lib/ehcache-1.2.3.jar!/ehcache-failsafe.xml
21:18:05,683  INFO SessionFactoryObjectFactory:82 - Not binding factory to JNDI, no JNDI name configured
21:18:05,683  INFO UpdateTimestampsCache:41 - starting update timestamps cache at region: org.hibernate.cache.UpdateTimestampsCache
21:18:05,683  WARN EhCacheProvider:86 - Could not find configuration [org.hibernate.cache.UpdateTimestampsCache]; using defaults.
21:18:05,698  INFO StandardQueryCache:52 - starting query cache at region: org.hibernate.cache.StandardQueryCache
21:18:05,698  WARN EhCacheProvider:86 - Could not find configuration [org.hibernate.cache.StandardQueryCache]; using defaults.
21:18:05,728  INFO HibernateTransactionManager:396 - Using DataSource [org.apache.tomcat.dbcp.dbcp.BasicDataSource@728a289f] of Hibernate SessionFactory for HibernateTransactionManager
21:18:05,728  INFO DefaultAopProxyFactory:59 - CGLIB2 available: proxyTargetClass feature enabled
21:18:05,890  INFO ContextLoader:195 - Using context class [org.springframework.web.context.support.XmlWebApplicationContext] for root WebApplicationContext
21:18:05,895  INFO ContextLoader:205 - Root WebApplicationContext: initialization completed in 2419 ms
21:18:05,925  INFO ApplicationConfiguratorServlet:49 - Application configurator loaded for application 'leche_vitrine'.
21:18:05,925  INFO LoginMembreServlet:45 - FileUpload filePath initialized
21:18:05,925  INFO FileUploadConfiguratorServlet:22 - FileUploadConfigurator initialized
21:18:15,381  INFO JdbcTransactionObjectSupport:60 - JDBC 3.0 Savepoint class is available
21:18:15,734  WARN LoginMembreServlet:47 - connexion réussie
21:20:13,655  INFO ApplicationConfiguratorServlet:58 - Application configurator unloaded for application 'leche_vitrine'.
21:20:13,655  INFO FileUploadConfiguratorServlet:27 - FileUploadConfigurator destroyed
21:20:13,665  INFO XmlWebApplicationContext:500 - Closing application context [Root WebApplicationContext]
21:20:13,665  INFO DefaultListableBeanFactory:555 - Destroying singletons in factory {org.springframework.beans.factory.support.DefaultListableBeanFactory defining beans [dataSource,sessionFactory,transactionManager,transactionProxy,categorieDAO,favoriDAO,ligneVitrineDAO,marchandDAO,membreDAO,produitDAO,vitrineDAO,categorieService,favoriService,ligneVitrineService,marchandService,membreService,produitService,vitrineService]; root of BeanFactory hierarchy}
21:20:13,665  INFO LocalSessionFactoryBean:1028 - Closing Hibernate SessionFactory
21:20:13,665  INFO SessionFactoryImpl:769 - closing
